[MESSAGE] Версия Warcraft 1.26 C:\Users\Aio\Documents\Warcraft 1.26\war3.exe
[MESSAGE] ------------------------------------------------------------------------
[MESSAGE] Путь до папки с картами: (C:\Users\Aio\Documents\Warcraft 1.26\Maps)
[MESSAGE] Путь до папки с сохранениями Ref: (C:\Users\Aio\Documents\Warcraft III\CustomMapData)
[MESSAGE] Путь до папки с сохранениями 1: (C:\Users\Aio\Documents\Warcraft 1.26)
[MESSAGE] newNameMaps: Fugatsu World Rpg S2 Return 1.4d
[MESSAGE] NameMapsFull: Fugatsu World Rpg S2 Return 1.4d
[MESSAGE] NameMaps: fugatsu_world_rpg_s2
[MESSAGE] 

------------------------------------------------------------------------
[MESSAGE] Версия Warcraft 1.26 C:\Users\Aio\Documents\Warcraft 1.26\war3.exe
[MESSAGE] ------------------------------------------------------------------------
[MESSAGE] Путь до папки с картами: (C:\Users\Aio\Documents\Warcraft 1.26\Maps)
[MESSAGE] Путь до папки с сохранениями Ref: (C:\Users\Aio\Documents\Warcraft III\CustomMapData)
[MESSAGE] Путь до папки с сохранениями 1: (C:\Users\Aio\Documents\Warcraft 1.26)
[MESSAGE] newNameMaps: Fugatsu World Rpg S2 Return 1.4d
[MESSAGE] NameMapsFull: Fugatsu World Rpg S2 Return 1.4d
[MESSAGE] NameMaps: fugatsu_world_rpg_s2
[MESSAGE] 

------------------------------------------------------------------------
[MESSAGE] Версия Warcraft 1.26 C:\Users\Aio\Documents\Warcraft 1.26\war3.exe
[MESSAGE] ------------------------------------------------------------------------
[MESSAGE] Путь до папки с картами: (C:\Users\Aio\Documents\Warcraft 1.26\Maps)
[MESSAGE] Путь до папки с сохранениями Ref: (C:\Users\Aio\Documents\Warcraft III\CustomMapData)
[MESSAGE] Путь до папки с сохранениями 1: (C:\Users\Aio\Documents\Warcraft 1.26)
[MESSAGE] newNameMaps: Fugatsu World Rpg S2 Return 1.4d
[MESSAGE] NameMapsFull: Fugatsu World Rpg S2 Return 1.4d
[MESSAGE] NameMaps: fugatsu_world_rpg_s2
[MESSAGE] 

------------------------------------------------------------------------
[MESSAGE] Версия Warcraft 1.26 C:\Users\Aio\Documents\Warcraft 1.26\war3.exe
[MESSAGE] ------------------------------------------------------------------------
[MESSAGE] Путь до папки с картами: (C:\Users\Aio\Documents\Warcraft 1.26\Maps)
[MESSAGE] Путь до папки с сохранениями Ref: (C:\Users\Aio\Documents\Warcraft III\CustomMapData)
[MESSAGE] Путь до папки с сохранениями 1: (C:\Users\Aio\Documents\Warcraft 1.26)
[MESSAGE] newNameMaps: Fugatsu World Rpg S2 Return 1.4d
[MESSAGE] NameMapsFull: Fugatsu World Rpg S2 Return 1.4d
[MESSAGE] NameMaps: fugatsu_world_rpg_s2
[MESSAGE] codes: (Helloy World)
[MESSAGE] codes: (Helloy World)
[MESSAGE] codes: (РџСЂРёРІРµС‚ РјРёСЂ)
[MESSAGE] codes: (-cam 150)
[MESSAGE] codes: (-cam 150)
[MESSAGE] codes: (-м•ЊлІ лҐґнѓЂ)
[MESSAGE] 

------------------------------------------------------------------------
[MESSAGE] Версия Warcraft 1.26 C:\Users\Aio\Documents\Warcraft 1.26\war3.exe
[MESSAGE] ------------------------------------------------------------------------
[MESSAGE] Путь до папки с картами: (C:\Users\Aio\Documents\Warcraft 1.26\Maps)
[MESSAGE] Путь до папки с сохранениями Ref: (C:\Users\Aio\Documents\Warcraft III\CustomMapData)
[MESSAGE] Путь до папки с сохранениями 1: (C:\Users\Aio\Documents\Warcraft 1.26)
[MESSAGE] newNameMaps: Fugatsu World Rpg S2 Return 1.4d
[MESSAGE] NameMapsFull: Fugatsu World Rpg S2 Return 1.4d
[MESSAGE] NameMaps: fugatsu_world_rpg_s2
[MESSAGE] 

------------------------------------------------------------------------
[MESSAGE] Версия Warcraft 1.26 C:\Users\Aio\Documents\Warcraft 1.26\war3.exe
[MESSAGE] ------------------------------------------------------------------------
[MESSAGE] Путь до папки с картами: (C:\Users\Aio\Documents\Warcraft 1.26\Maps)
[MESSAGE] Путь до папки с сохранениями Ref: (C:\Users\Aio\Documents\Warcraft III\CustomMapData)
[MESSAGE] Путь до папки с сохранениями 1: (C:\Users\Aio\Documents\Warcraft 1.26)
[MESSAGE] newNameMaps: Fugatsu World Rpg S2 Return 1.4d
[MESSAGE] NameMapsFull: Fugatsu World Rpg S2 Return 1.4d
[MESSAGE] NameMaps: fugatsu_world_rpg_s2
[MESSAGE] 

------------------------------------------------------------------------
[MESSAGE] Версия Warcraft 1.26 C:\Users\Aio\Documents\Warcraft 1.26\war3.exe
[MESSAGE] ------------------------------------------------------------------------
[MESSAGE] Путь до папки с картами: (C:\Users\Aio\Documents\Warcraft 1.26\Maps)
[MESSAGE] Путь до папки с сохранениями Ref: (C:\Users\Aio\Documents\Warcraft III\CustomMapData)
[MESSAGE] Путь до папки с сохранениями 1: (C:\Users\Aio\Documents\Warcraft 1.26)
[MESSAGE] newNameMaps: Fugatsu World Rpg S2 Return 1.4d
[MESSAGE] NameMapsFull: Fugatsu World Rpg S2 Return 1.4d
[MESSAGE] NameMaps: fugatsu_world_rpg_s2
[MESSAGE] 

------------------------------------------------------------------------
[MESSAGE] Версия Warcraft 1.26 C:\Users\Aio\Documents\Warcraft 1.26\war3.exe
[MESSAGE] ------------------------------------------------------------------------
[MESSAGE] Путь до папки с картами: (C:\Users\Aio\Documents\Warcraft 1.26\Maps)
[MESSAGE] Путь до папки с сохранениями Ref: (C:\Users\Aio\Documents\Warcraft III\CustomMapData)
[MESSAGE] Путь до папки с сохранениями 1: (C:\Users\Aio\Documents\Warcraft 1.26)
[MESSAGE] newNameMaps: Fugatsu World Rpg S2 Return 1.4d
[MESSAGE] NameMapsFull: Fugatsu World Rpg S2 Return 1.4d
[MESSAGE] NameMaps: fugatsu_world_rpg_s2
[MESSAGE] 

------------------------------------------------------------------------
[MESSAGE] Версия Warcraft 1.26 C:\Users\Aio\Documents\Warcraft 1.26\war3.exe
[MESSAGE] ------------------------------------------------------------------------
[MESSAGE] Путь до папки с картами: (C:\Users\Aio\Documents\Warcraft 1.26\Maps)
[MESSAGE] Путь до папки с сохранениями Ref: (C:\Users\Aio\Documents\Warcraft III\CustomMapData)
[MESSAGE] Путь до папки с сохранениями 1: (C:\Users\Aio\Documents\Warcraft 1.26)
[MESSAGE] newNameMaps: Fugatsu World Rpg S2 Return 1.4d
[MESSAGE] NameMapsFull: Fugatsu World Rpg S2 Return 1.4d
[MESSAGE] NameMaps: fugatsu_world_rpg_s2
[MESSAGE] 

------------------------------------------------------------------------
[MESSAGE] Версия Warcraft 1.26 C:\Users\Aio\Documents\Warcraft 1.26\war3.exe
[MESSAGE] ------------------------------------------------------------------------
[MESSAGE] Путь до папки с картами: (C:\Users\Aio\Documents\Warcraft 1.26\Maps)
[MESSAGE] Путь до папки с сохранениями Ref: (C:\Users\Aio\Documents\Warcraft III\CustomMapData)
[MESSAGE] Путь до папки с сохранениями 1: (C:\Users\Aio\Documents\Warcraft 1.26)
[MESSAGE] newNameMaps: Fugatsu World Rpg S2 Return 1.4d
[MESSAGE] NameMapsFull: Fugatsu World Rpg S2 Return 1.4d
[MESSAGE] NameMaps: fugatsu_world_rpg_s2
[MESSAGE] 

------------------------------------------------------------------------
[MESSAGE] Версия Warcraft 1.26 C:\Users\Aio\Documents\Warcraft 1.26\war3.exe
[MESSAGE] ------------------------------------------------------------------------
[MESSAGE] Путь до папки с картами: (C:\Users\Aio\Documents\Warcraft 1.26\Maps)
[MESSAGE] Путь до папки с сохранениями Ref: (C:\Users\Aio\Documents\Warcraft III\CustomMapData)
[MESSAGE] Путь до папки с сохранениями 1: (C:\Users\Aio\Documents\Warcraft 1.26)
[MESSAGE] newNameMaps: Fugatsu World Rpg S2 Return 1.4d
[MESSAGE] NameMapsFull: Fugatsu World Rpg S2 Return 1.4d
[MESSAGE] NameMaps: fugatsu_world_rpg_s2
[MESSAGE] 

------------------------------------------------------------------------
[MESSAGE] Версия Warcraft 1.26 C:\Users\Aio\Documents\Warcraft 1.26\war3.exe
[MESSAGE] ------------------------------------------------------------------------
[MESSAGE] Путь до папки с картами: (C:\Users\Aio\Documents\Warcraft 1.26\Maps)
[MESSAGE] Путь до папки с сохранениями Ref: (C:\Users\Aio\Documents\Warcraft III\CustomMapData)
[MESSAGE] Путь до папки с сохранениями 1: (C:\Users\Aio\Documents\Warcraft 1.26)
[MESSAGE] newNameMaps: Fugatsu World Rpg S2 Return 1.4d
[MESSAGE] NameMapsFull: Fugatsu World Rpg S2 Return 1.4d
[MESSAGE] NameMaps: fugatsu_world_rpg_s2
[MESSAGE] 

------------------------------------------------------------------------
[MESSAGE] Версия Warcraft 1.26 C:\Users\Aio\Documents\Warcraft 1.26\war3.exe
[MESSAGE] ------------------------------------------------------------------------
[MESSAGE] Путь до папки с картами: (C:\Users\Aio\Documents\Warcraft 1.26\Maps)
[MESSAGE] Путь до папки с сохранениями Ref: (C:\Users\Aio\Documents\Warcraft III\CustomMapData)
[MESSAGE] Путь до папки с сохранениями 1: (C:\Users\Aio\Documents\Warcraft 1.26)
[MESSAGE] newNameMaps: Fugatsu World Rpg S2 Return 1.4d
[MESSAGE] NameMapsFull: Fugatsu World Rpg S2 Return 1.4d
[MESSAGE] NameMaps: fugatsu_world_rpg_s2
[MESSAGE] 

------------------------------------------------------------------------
[MESSAGE] 

------------------------------------------------------------------------
[MESSAGE] Версия Warcraft 1.26 C:\Users\Aio\Documents\Warcraft 1.26\war3.exe
[MESSAGE] ------------------------------------------------------------------------
[MESSAGE] Путь до папки с картами: (C:\Users\Aio\Documents\Warcraft 1.26\Maps)
[MESSAGE] Путь до папки с сохранениями Ref: (C:\Users\Aio\Documents\Warcraft III\CustomMapData)
[MESSAGE] Путь до папки с сохранениями 1: (C:\Users\Aio\Documents\Warcraft 1.26)
[MESSAGE] newNameMaps: Fugatsu World Rpg S2 Return 1.4d
[MESSAGE] NameMapsFull: Fugatsu World Rpg S2 Return 1.4d
[MESSAGE] NameMaps: fugatsu_world_rpg_s2
[MESSAGE] 

------------------------------------------------------------------------
[MESSAGE] 

------------------------------------------------------------------------
[MESSAGE] Версия Warcraft 1.26 C:\Users\Aio\Documents\Warcraft 1.26\war3.exe
[MESSAGE] ------------------------------------------------------------------------
[MESSAGE] Путь до папки с картами: (C:\Users\Aio\Documents\Warcraft 1.26\Maps)
[MESSAGE] Путь до папки с сохранениями Ref: (C:\Users\Aio\Documents\Warcraft III\CustomMapData)
[MESSAGE] Путь до папки с сохранениями 1: (C:\Users\Aio\Documents\Warcraft 1.26)
[MESSAGE] newNameMaps: Fugatsu World Rpg S2 Return 1.4d
[MESSAGE] NameMapsFull: Fugatsu World Rpg S2 Return 1.4d
[MESSAGE] NameMaps: fugatsu_world_rpg_s2
[MESSAGE] 

------------------------------------------------------------------------
[MESSAGE] Версия Warcraft 1.26 C:\Users\Aio\Documents\Warcraft 1.26\war3.exe
[MESSAGE] ------------------------------------------------------------------------
[MESSAGE] Путь до папки с картами: (C:\Users\Aio\Documents\Warcraft 1.26\Maps)
[MESSAGE] Путь до папки с сохранениями Ref: (C:\Users\Aio\Documents\Warcraft III\CustomMapData)
[MESSAGE] Путь до папки с сохранениями 1: (C:\Users\Aio\Documents\Warcraft 1.26)
[MESSAGE] newNameMaps: Fugatsu World Rpg S2 Return 1.4d
[MESSAGE] NameMapsFull: Fugatsu World Rpg S2 Return 1.4d
[MESSAGE] NameMaps: fugatsu_world_rpg_s2
[MESSAGE] 

------------------------------------------------------------------------
[MESSAGE] Версия Warcraft 1.26 C:\Users\Aio\Documents\Warcraft 1.26\war3.exe
[MESSAGE] ------------------------------------------------------------------------
[MESSAGE] Путь до папки с картами: (C:\Users\Aio\Documents\Warcraft 1.26\Maps)
[MESSAGE] Путь до папки с сохранениями Ref: (C:\Users\Aio\Documents\Warcraft III\CustomMapData)
[MESSAGE] Путь до папки с сохранениями 1: (C:\Users\Aio\Documents\Warcraft 1.26)
[MESSAGE] newNameMaps: Fugatsu World Rpg S2 Return 1.4d
[MESSAGE] NameMapsFull: Fugatsu World Rpg S2 Return 1.4d
[MESSAGE] NameMaps: fugatsu_world_rpg_s2
[MESSAGE] 

------------------------------------------------------------------------
[MESSAGE] Версия Warcraft 1.26 C:\Users\Aio\Documents\Warcraft 1.26\war3.exe
[MESSAGE] ------------------------------------------------------------------------
[MESSAGE] Путь до папки с картами: (C:\Users\Aio\Documents\Warcraft 1.26\Maps)
[MESSAGE] Путь до папки с сохранениями Ref: (C:\Users\Aio\Documents\Warcraft III\CustomMapData)
[MESSAGE] Путь до папки с сохранениями 1: (C:\Users\Aio\Documents\Warcraft 1.26)
[MESSAGE] newNameMaps: Fugatsu World Rpg S2 Return 1.4d
[MESSAGE] NameMapsFull: Fugatsu World Rpg S2 Return 1.4d
[MESSAGE] NameMaps: fugatsu_world_rpg_s2
[MESSAGE] 

------------------------------------------------------------------------
[MESSAGE] Версия Warcraft 1.26 C:\Users\Aio\Documents\Warcraft 1.26\war3.exe
[MESSAGE] ------------------------------------------------------------------------
[MESSAGE] Путь до папки с картами: (C:\Users\Aio\Documents\Warcraft 1.26\Maps)
[MESSAGE] Путь до папки с сохранениями Ref: (C:\Users\Aio\Documents\Warcraft III\CustomMapData)
[MESSAGE] Путь до папки с сохранениями 1: (C:\Users\Aio\Documents\Warcraft 1.26)
[MESSAGE] newNameMaps: Fugatsu World Rpg S2 Return 1.4d
[MESSAGE] NameMapsFull: Fugatsu World Rpg S2 Return 1.4d
[MESSAGE] NameMaps: fugatsu_world_rpg_s2
[MESSAGE] codes: (РџСЂРёРІРµС‚ РјРёСЂ)
[MESSAGE] codes: (Helloy World)
[MESSAGE] codes: (-м•ЊлІ лҐґнѓЂ)
[MESSAGE] codes: (-м•ЊлІ лҐґнѓЂ)
[MESSAGE] 

------------------------------------------------------------------------
[MESSAGE] Версия Warcraft 1.26 C:\Users\Aio\Documents\Warcraft 1.26\war3.exe
[MESSAGE] ------------------------------------------------------------------------
[MESSAGE] Путь до папки с картами: (C:\Users\Aio\Documents\Warcraft 1.26\Maps)
[MESSAGE] Путь до папки с сохранениями Ref: (C:\Users\Aio\Documents\Warcraft III\CustomMapData)
[MESSAGE] Путь до папки с сохранениями 1: (C:\Users\Aio\Documents\Warcraft 1.26)
[MESSAGE] newNameMaps: Fugatsu World Rpg S2 Return 1.4d
[MESSAGE] NameMapsFull: Fugatsu World Rpg S2 Return 1.4d
[MESSAGE] NameMaps: fugatsu_world_rpg_s2
[MESSAGE] 

------------------------------------------------------------------------
[MESSAGE] Версия Warcraft 1.26 C:\Users\Aio\Documents\Warcraft 1.26\war3.exe
[MESSAGE] ------------------------------------------------------------------------
[MESSAGE] Путь до папки с картами: (C:\Users\Aio\Documents\Warcraft 1.26\Maps)
[MESSAGE] Путь до папки с сохранениями Ref: (C:\Users\Aio\Documents\Warcraft III\CustomMapData)
[MESSAGE] Путь до папки с сохранениями 1: (C:\Users\Aio\Documents\Warcraft 1.26)
[MESSAGE] newNameMaps: Fugatsu World Rpg S2 Return 1.4d
[MESSAGE] NameMapsFull: Fugatsu World Rpg S2 Return 1.4d
[MESSAGE] NameMaps: fugatsu_world_rpg_s2
[MESSAGE] 

------------------------------------------------------------------------
[MESSAGE] Версия Warcraft 1.26 C:\Users\Aio\Documents\Warcraft 1.26\war3.exe
[MESSAGE] ------------------------------------------------------------------------
[MESSAGE] Путь до папки с картами: (C:\Users\Aio\Documents\Warcraft 1.26\Maps)
[MESSAGE] Путь до папки с сохранениями Ref: (C:\Users\Aio\Documents\Warcraft III\CustomMapData)
[MESSAGE] Путь до папки с сохранениями 1: (C:\Users\Aio\Documents\Warcraft 1.26)
[MESSAGE] newNameMaps: Fugatsu World Rpg S2 Return 1.4d
[MESSAGE] NameMapsFull: Fugatsu World Rpg S2 Return 1.4d
[MESSAGE] NameMaps: fugatsu_world_rpg_s2
[MESSAGE] 

------------------------------------------------------------------------
[MESSAGE] Версия Warcraft 1.26 C:\Users\Aio\Documents\Warcraft 1.26\war3.exe
[MESSAGE] ------------------------------------------------------------------------
[MESSAGE] Путь до папки с картами: (C:\Users\Aio\Documents\Warcraft 1.26\Maps)
[MESSAGE] Путь до папки с сохранениями Ref: (C:\Users\Aio\Documents\Warcraft III\CustomMapData)
[MESSAGE] Путь до папки с сохранениями 1: (C:\Users\Aio\Documents\Warcraft 1.26)
[MESSAGE] newNameMaps: Fugatsu World Rpg S2 Return 1.4d
[MESSAGE] NameMapsFull: Fugatsu World Rpg S2 Return 1.4d
[MESSAGE] NameMaps: fugatsu_world_rpg_s2
[MESSAGE] 

------------------------------------------------------------------------
[MESSAGE] Версия Warcraft 1.26 C:\Users\Aio\Documents\Warcraft 1.26\war3.exe
[MESSAGE] ------------------------------------------------------------------------
[MESSAGE] Путь до папки с картами: (C:\Users\Aio\Documents\Warcraft 1.26\Maps)
[MESSAGE] Путь до папки с сохранениями Ref: (C:\Users\Aio\Documents\Warcraft III\CustomMapData)
[MESSAGE] Путь до папки с сохранениями 1: (C:\Users\Aio\Documents\Warcraft 1.26)
[MESSAGE] newNameMaps: Fugatsu World Rpg S2 Return 1.4d
[MESSAGE] NameMapsFull: Fugatsu World Rpg S2 Return 1.4d
[MESSAGE] NameMaps: fugatsu_world_rpg_s2
