[MESSAGE] Доступно обновление до версии AutoLoad_1_18_16
[MESSAGE] адрес https://github.com/Riminas/AutoLoadWar3/releases/download/AutoLoad_1_18_16/AvLoad.exe
[MESSAGE] savePath C:\Users\Aio\Documents\War3\AVscils\x64\Release\AutoLoad_new.exe
[MESSAGE] 5
[MESSAGE] Файл обновления успешно загружен.
[MESSAGE] Доступно обновление до версии AutoLoad_1_18_16
[MESSAGE] адрес https://github.com/Riminas/AutoLoadWar3/releases/download/AutoLoad_1_18_16/AvLoad.exe
[MESSAGE] savePath C:\Users\Aio\Documents\War3\AVscils\x64\Release\AutoLoad_new.exe
[MESSAGE] 5
[MESSAGE] Файл обновления успешно загружен.
[MESSAGE] Доступно обновление до версии AutoLoad_1_18_16
[MESSAGE] адрес https://github.com/Riminas/AutoLoadWar3/releases/download/AutoLoad_1_18_16/AvLoad.exe
[MESSAGE] savePath C:\Users\Aio\Documents\War3\AVscils\x64\Release\AutoLoad.exe
[MESSAGE] 5
[MESSAGE] Файл обновления успешно загружен.
[MESSAGE] savePath C:\Users\Aio\Documents\War3\AVscils\x64\Release\AutoLoad.exe
[MESSAGE] 5
[MESSAGE] путь до 1.26 C:\Users\Aio\Documents\Warcraft 1.26\war3.exe
[MESSAGE] Путь до папки с картами:(C:\Users\Aio\Documents\Warcraft 1.26\Maps)
[MESSAGE] путь до папки с сохранениями:C:\Users\Aio\Documents\Warcraft 1.26)
[ERROR]   not "m_nameFile" - ()
[MESSAGE] блокнот закрыт.
[MESSAGE] savePath C:\Users\Aio\Documents\War3\AVscils\x64\Release\AutoLoad.exe
[MESSAGE] 5
[MESSAGE] путь до 1.26 C:\Users\Aio\Documents\Warcraft 1.26\war3.exe
[MESSAGE] Путь до папки с картами:(C:\Users\Aio\Documents\Warcraft 1.26\Maps)
[MESSAGE] путь до папки с сохранениями:C:\Users\Aio\Documents\Warcraft 1.26)
[MESSAGE] путь до 1.26 C:\Users\Aio\Documents\Warcraft 1.26\war3.exe
[MESSAGE] Путь до папки с картами:(C:\Users\Aio\Documents\Warcraft 1.26\Maps)
[MESSAGE] путь до папки с сохранениями:C:\Users\Aio\Documents\Warcraft 1.26)
[MESSAGE] путь до 1.26 C:\Users\Aio\Documents\Warcraft 1.26\war3.exe
[MESSAGE] Путь до папки с картами:(C:\Users\Aio\Documents\Warcraft 1.26\Maps)
[MESSAGE] путь до папки с сохранениями:C:\Users\Aio\Documents\Warcraft 1.26)
[MESSAGE] Loads1: \ParanormalRPG(Underworld)
[MESSAGE] блокнот закрыт.
[MESSAGE] путь до 1.26 C:\Users\Aio\Documents\Warcraft 1.26\war3.exe
[MESSAGE] Путь до папки с картами:(C:\Users\Aio\Documents\Warcraft 1.26\Maps)
[MESSAGE] путь до папки с сохранениями:C:\Users\Aio\Documents\Warcraft 1.26)
[MESSAGE] новый конфиг карты.
[MESSAGE] путь до 1.26 C:\Users\Aio\Documents\Warcraft 1.26\war3.exe
[MESSAGE] Путь до папки с картами:(C:\Users\Aio\Documents\Warcraft 1.26\Maps)
[MESSAGE] путь до папки с сохранениями:C:\Users\Aio\Documents\Warcraft 1.26)
[MESSAGE] Loads1: \ParanormalRPG(Underworld)
[MESSAGE] путь до 1.26 C:\Users\Aio\Documents\Warcraft 1.26\war3.exe
[MESSAGE] Путь до папки с картами:(C:\Users\Aio\Documents\Warcraft 1.26\Maps)
[MESSAGE] путь до папки с сохранениями:C:\Users\Aio\Documents\Warcraft 1.26)
[MESSAGE] Loads1: \ParanormalRPG(Underworld)
[MESSAGE] путь до 1.26 C:\Users\Aio\Documents\Warcraft 1.26\war3.exe
[MESSAGE] Путь до папки с картами:(C:\Users\Aio\Documents\Warcraft 1.26\Maps)
[MESSAGE] путь до папки с сохранениями:C:\Users\Aio\Documents\Warcraft 1.26)
[MESSAGE] Loads1: \ParanormalRPG(Underworld)
[MESSAGE] путь до 1.26 C:\Users\Aio\Documents\Warcraft 1.26\war3.exe
[MESSAGE] Путь до папки с картами:(C:\Users\Aio\Documents\Warcraft 1.26\Maps)
[MESSAGE] путь до папки с сохранениями:C:\Users\Aio\Documents\Warcraft 1.26)
[MESSAGE] Loads1: \ParanormalRPG(Underworld)
[MESSAGE] путь до 1.26 C:\Users\Aio\Documents\Warcraft 1.26\war3.exe
[MESSAGE] Путь до папки с картами:(C:\Users\Aio\Documents\Warcraft 1.26\Maps)
[MESSAGE] путь до папки с сохранениями:C:\Users\Aio\Documents\Warcraft 1.26)
[MESSAGE] Loads1: \ParanormalRPG(Underworld)
[MESSAGE] путь до 1.26 C:\Users\Aio\Documents\Warcraft 1.26\war3.exe
[MESSAGE] Путь до папки с картами:(C:\Users\Aio\Documents\Warcraft 1.26\Maps)
[MESSAGE] путь до папки с сохранениями:C:\Users\Aio\Documents\Warcraft 1.26)
[MESSAGE] Loads1: \ParanormalRPG(Underworld)
[MESSAGE] путь до 1.26 C:\Users\Aio\Documents\Warcraft 1.26\war3.exe
[MESSAGE] Путь до папки с картами:(C:\Users\Aio\Documents\Warcraft 1.26\Maps)
[MESSAGE] путь до папки с сохранениями:C:\Users\Aio\Documents\Warcraft 1.26)
[MESSAGE] Loads1: \ParanormalRPG(Underworld)
[MESSAGE] блокнот закрыт.
[MESSAGE] путь до 1.26 C:\Users\Aio\Documents\Warcraft 1.26\war3.exe
[MESSAGE] Путь до папки с картами:(C:\Users\Aio\Documents\Warcraft 1.26\Maps)
[MESSAGE] путь до папки с сохранениями:C:\Users\Aio\Documents\Warcraft 1.26)
[MESSAGE] путь до 1.26 C:\Users\Aio\Documents\Warcraft 1.26\war3.exe
[MESSAGE] Путь до папки с картами:(C:\Users\Aio\Documents\Warcraft 1.26\Maps)
[MESSAGE] путь до папки с сохранениями:C:\Users\Aio\Documents\Warcraft 1.26)
[MESSAGE] путь до 1.26 C:\Users\Aio\Documents\Warcraft 1.26\war3.exe
[MESSAGE] Путь до папки с картами:(C:\Users\Aio\Documents\Warcraft 1.26\Maps)
[MESSAGE] путь до папки с сохранениями:C:\Users\Aio\Documents\Warcraft 1.26)
[MESSAGE] Новый путь к папке с сохранениями пуст
[MESSAGE] путь до 1.26 C:\Users\Aio\Documents\Warcraft 1.26\war3.exe
[MESSAGE] Путь до папки с картами:(C:\Users\Aio\Documents\Warcraft 1.26\Maps)
[MESSAGE] путь до папки с сохранениями:C:\Users\Aio\Documents\Warcraft 1.26)
[MESSAGE] Process name: C:\Program Files (x86)\by Decepticon\Warcraft III Reforged\_retail_\x86_64\Warcraft III.exe
[MESSAGE] путь до 1.36 C:\Program Files (x86)\by Decepticon\Warcraft III Reforged\_retail_\x86_64\Warcraft III.exe
[MESSAGE] Путь до папки с картами:(C:\Users\Aio\Documents\Warcraft III\Maps)
[MESSAGE] путь до папки с сохранениями:C:\Users\Aio\Documents\Warcraft III\CustomMapData)
[ERROR]   Thil_1
[ERROR]   Thil_2
[ERROR]   Thil_1_1
[ERROR]   Thil_3
[MESSAGE] Герой: 
[MESSAGE] codes: (AAAA5!qob=Pw'X@7yq4pY~N&LC+L=jAAA<hAA4OxdCOsM@2~C#;A{TSAdD!@#'AW#>#F@hAAAQIdFdQd&d+dqdxWWW@h1MYZd.#p#?/A{VV#l#+7X7q#9sAAGAGQAGA)
[MESSAGE] codes: (GAG1gd?yAA,AGA&ACAz~($d~MC6d'~@z+A2dJ~OdeYB)
[ERROR]   Thil_4
[ERROR]   Thil_5
[MESSAGE] Loads1: \Dis RPG
[MESSAGE] Process name: C:\Program Files (x86)\by Decepticon\Warcraft III Reforged\_retail_\x86_64\Warcraft III.exe
[MESSAGE] путь до 1.36 C:\Program Files (x86)\by Decepticon\Warcraft III Reforged\_retail_\x86_64\Warcraft III.exe
[MESSAGE] Путь до папки с картами:(C:\Users\Aio\Documents\Warcraft III\Maps)
[MESSAGE] путь до папки с сохранениями:C:\Users\Aio\Documents\Warcraft III\CustomMapData)
[ERROR]   not "m_nameFile" - ()
[MESSAGE] codes: (PlayerName)
[ERROR]   not "m_nameFile" - ()
[ERROR]   not "m_nameFile" - ()
[ERROR]   not "m_nameFile" - ()
[MESSAGE] Process name: C:\Program Files (x86)\by Decepticon\Warcraft III Reforged\_retail_\x86_64\Warcraft III.exe
[MESSAGE] путь до 1.36 C:\Program Files (x86)\by Decepticon\Warcraft III Reforged\_retail_\x86_64\Warcraft III.exe
[MESSAGE] Путь до папки с картами:(C:\Users\Aio\Documents\Warcraft III\Maps)
[MESSAGE] путь до папки с сохранениями:C:\Users\Aio\Documents\Warcraft III\CustomMapData)
[ERROR]   not "m_nameFile" - ()
